==4487== Memcheck, a memory error detector
==4487== Copyright (C) 2002-2017, and GNU GPL'd, by Julian Seward et al.
==4487== Using Valgrind-3.13.0 and LibVEX; rerun with -h for copyright info
==4487== Command: /rhome/a/akovacevic4/workspace/TP/T4/Z4/.runme
==4487== Parent PID: 4459
==4487== 
==4487== 
==4487== Process terminating with default action of signal 1 (SIGHUP)
==4487==    at 0x56EF081: read (read.c:27)
==4487==    by 0x566C147: _IO_file_underflow@@GLIBC_2.2.5 (fileops.c:531)
==4487==    by 0x566D3F1: _IO_default_uflow (genops.c:380)
==4487==    by 0x512B95C: __gnu_cxx::stdio_sync_filebuf<char, std::char_traits<char> >::underflow() (in /usr/lib/x86_64-linux-gnu/libstdc++.so.6.0.25)
==4487==    by 0x5139739: std::istream::sentry::sentry(std::istream&, bool) (in /usr/lib/x86_64-linux-gnu/libstdc++.so.6.0.25)
==4487==    by 0x513BCCD: std::istream& std::istream::_M_extract<double>(double&) (in /usr/lib/x86_64-linux-gnu/libstdc++.so.6.0.25)
==4487==    by 0x10949A: void UnosBroja<double>(std::__cxx11::basic_string<char, std::char_traits<char>, std::allocator<char> >, std::__cxx11::basic_string<char, std::char_traits<char>, std::allocator<char> >, double&) (main.cpp:11)
==4487==    by 0x1090F8: main (main.cpp:27)
==4487== 
==4487== HEAP SUMMARY:
==4487==     in use at exit: 106 bytes in 3 blocks
==4487==   total heap usage: 5 allocs, 2 frees, 73,834 bytes allocated
==4487== 
==4487== LEAK SUMMARY:
==4487==    definitely lost: 0 bytes in 0 blocks
==4487==    indirectly lost: 0 bytes in 0 blocks
==4487==      possibly lost: 0 bytes in 0 blocks
==4487==    still reachable: 106 bytes in 3 blocks
==4487==         suppressed: 0 bytes in 0 blocks
==4487== Reachable blocks (those to which a pointer was found) are not shown.
==4487== To see them, rerun with: --leak-check=full --show-leak-kinds=all
==4487== 
==4487== For counts of detected and suppressed errors, rerun with: -v
==4487== ERROR SUMMARY: 0 errors from 0 contexts (suppressed: 0 from 0)
