==17857== Memcheck, a memory error detector
==17857== Copyright (C) 2002-2017, and GNU GPL'd, by Julian Seward et al.
==17857== Using Valgrind-3.13.0 and LibVEX; rerun with -h for copyright info
==17857== Command: /rhome/a/akovacevic4/workspace/TP/T1/Z4/.runme
==17857== Parent PID: 17826
==17857== 
==17857== 
==17857== Process terminating with default action of signal 1 (SIGHUP)
==17857==    at 0x5875152: write (write.c:27)
==17857==    by 0x57F01BC: _IO_file_write@@GLIBC_2.2.5 (fileops.c:1203)
==17857==    by 0x57F0B2E: new_do_write (fileops.c:457)
==17857==    by 0x57F0B2E: _IO_file_xsputn@@GLIBC_2.2.5 (fileops.c:1277)
==17857==    by 0x57E4976: fwrite (iofwrite.c:39)
==17857==    by 0x5151E93: std::basic_ostream<char, std::char_traits<char> >& std::__ostream_insert<char, std::char_traits<char> >(std::basic_ostream<char, std::char_traits<char> >&, char const*, long) (in /usr/lib/x86_64-linux-gnu/libstdc++.so.6.0.25)
==17857==    by 0x5152206: std::basic_ostream<char, std::char_traits<char> >& std::operator<< <std::char_traits<char> >(std::basic_ostream<char, std::char_traits<char> >&, char const*) (in /usr/lib/x86_64-linux-gnu/libstdc++.so.6.0.25)
==17857==    by 0x108C6E: main (main.cpp:14)
==17857== 
==17857== HEAP SUMMARY:
==17857==     in use at exit: 0 bytes in 0 blocks
==17857==   total heap usage: 2 allocs, 2 frees, 73,728 bytes allocated
==17857== 
==17857== All heap blocks were freed -- no leaks are possible
==17857== 
==17857== For counts of detected and suppressed errors, rerun with: -v
==17857== ERROR SUMMARY: 0 errors from 0 contexts (suppressed: 0 from 0)
