==12536== Memcheck, a memory error detector
==12536== Copyright (C) 2002-2017, and GNU GPL'd, by Julian Seward et al.
==12536== Using Valgrind-3.13.0 and LibVEX; rerun with -h for copyright info
==12536== Command: /rhome/a/akovacevic4/workspace/TP/T5/Z6/.runme
==12536== Parent PID: 12518
==12536== 
==12536== 
==12536== Process terminating with default action of signal 1 (SIGHUP)
==12536==    at 0x56EF081: read (read.c:27)
==12536==    by 0x566C147: _IO_file_underflow@@GLIBC_2.2.5 (fileops.c:531)
==12536==    by 0x566D3F1: _IO_default_uflow (genops.c:380)
==12536==    by 0x512B95C: __gnu_cxx::stdio_sync_filebuf<char, std::char_traits<char> >::underflow() (in /usr/lib/x86_64-linux-gnu/libstdc++.so.6.0.25)
==12536==    by 0x5139739: std::istream::sentry::sentry(std::istream&, bool) (in /usr/lib/x86_64-linux-gnu/libstdc++.so.6.0.25)
==12536==    by 0x513996D: std::istream::operator>>(int&) (in /usr/lib/x86_64-linux-gnu/libstdc++.so.6.0.25)
==12536==    by 0x108DC3: main (main.cpp:43)
==12536== 
==12536== HEAP SUMMARY:
==12536==     in use at exit: 0 bytes in 0 blocks
==12536==   total heap usage: 2 allocs, 2 frees, 73,728 bytes allocated
==12536== 
==12536== All heap blocks were freed -- no leaks are possible
==12536== 
==12536== For counts of detected and suppressed errors, rerun with: -v
==12536== ERROR SUMMARY: 0 errors from 0 contexts (suppressed: 0 from 0)
