==27161== Memcheck, a memory error detector
==27161== Copyright (C) 2002-2017, and GNU GPL'd, by Julian Seward et al.
==27161== Using Valgrind-3.13.0 and LibVEX; rerun with -h for copyright info
==27161== Command: /rhome/a/akovacevic4/workspace/TP/T7/Z2/.runme
==27161== Parent PID: 27142
==27161== 
==27161== 
==27161== HEAP SUMMARY:
==27161==     in use at exit: 109 bytes in 4 blocks
==27161==   total heap usage: 6 allocs, 2 frees, 73,837 bytes allocated
==27161== 
==27161== 109 (24 direct, 85 indirect) bytes in 1 blocks are definitely lost in loss record 2 of 2
==27161==    at 0x4C3089F: operator new[](unsigned long) (in /usr/lib/valgrind/vgpreload_memcheck-amd64-linux.so)
==27161==    by 0x108CF4: main (main.cpp:20)
==27161== 
==27161== LEAK SUMMARY:
==27161==    definitely lost: 24 bytes in 1 blocks
==27161==    indirectly lost: 85 bytes in 3 blocks
==27161==      possibly lost: 0 bytes in 0 blocks
==27161==    still reachable: 0 bytes in 0 blocks
==27161==         suppressed: 0 bytes in 0 blocks
==27161== 
==27161== For counts of detected and suppressed errors, rerun with: -v
==27161== ERROR SUMMARY: 1 errors from 1 contexts (suppressed: 0 from 0)
