==30537== Memcheck, a memory error detector
==30537== Copyright (C) 2002-2017, and GNU GPL'd, by Julian Seward et al.
==30537== Using Valgrind-3.13.0 and LibVEX; rerun with -h for copyright info
==30537== Command: /rhome/a/akovacevic4/workspace/TP/T2/Z4/.runme
==30537== Parent PID: 30509
==30537== 
==30537== 
==30537== Process terminating with default action of signal 1 (SIGHUP)
==30537==    at 0x56EF081: read (read.c:27)
==30537==    by 0x566C147: _IO_file_underflow@@GLIBC_2.2.5 (fileops.c:531)
==30537==    by 0x566D3F1: _IO_default_uflow (genops.c:380)
==30537==    by 0x512B95C: __gnu_cxx::stdio_sync_filebuf<char, std::char_traits<char> >::underflow() (in /usr/lib/x86_64-linux-gnu/libstdc++.so.6.0.25)
==30537==    by 0x5139739: std::istream::sentry::sentry(std::istream&, bool) (in /usr/lib/x86_64-linux-gnu/libstdc++.so.6.0.25)
==30537==    by 0x513996D: std::istream::operator>>(int&) (in /usr/lib/x86_64-linux-gnu/libstdc++.so.6.0.25)
==30537==    by 0x108B6C: main (main.cpp:11)
==30537== 
==30537== HEAP SUMMARY:
==30537==     in use at exit: 0 bytes in 0 blocks
==30537==   total heap usage: 2 allocs, 2 frees, 73,728 bytes allocated
==30537== 
==30537== All heap blocks were freed -- no leaks are possible
==30537== 
==30537== For counts of detected and suppressed errors, rerun with: -v
==30537== ERROR SUMMARY: 0 errors from 0 contexts (suppressed: 0 from 0)
