==6213== Memcheck, a memory error detector
==6213== Copyright (C) 2002-2017, and GNU GPL'd, by Julian Seward et al.
==6213== Using Valgrind-3.13.0 and LibVEX; rerun with -h for copyright info
==6213== Command: /rhome/a/akovacevic4/workspace/TP/T5/Z5/.runme
==6213== Parent PID: 6193
==6213== 
==6213== 
==6213== Process terminating with default action of signal 1 (SIGHUP)
==6213==    at 0x5875081: read (read.c:27)
==6213==    by 0x57F2147: _IO_file_underflow@@GLIBC_2.2.5 (fileops.c:531)
==6213==    by 0x57F33F1: _IO_default_uflow (genops.c:380)
==6213==    by 0x512B95C: __gnu_cxx::stdio_sync_filebuf<char, std::char_traits<char> >::underflow() (in /usr/lib/x86_64-linux-gnu/libstdc++.so.6.0.25)
==6213==    by 0x5139739: std::istream::sentry::sentry(std::istream&, bool) (in /usr/lib/x86_64-linux-gnu/libstdc++.so.6.0.25)
==6213==    by 0x513996D: std::istream::operator>>(int&) (in /usr/lib/x86_64-linux-gnu/libstdc++.so.6.0.25)
==6213==    by 0x108C8A: main (main.cpp:34)
==6213== 
==6213== HEAP SUMMARY:
==6213==     in use at exit: 0 bytes in 0 blocks
==6213==   total heap usage: 2 allocs, 2 frees, 73,728 bytes allocated
==6213== 
==6213== All heap blocks were freed -- no leaks are possible
==6213== 
==6213== For counts of detected and suppressed errors, rerun with: -v
==6213== ERROR SUMMARY: 0 errors from 0 contexts (suppressed: 0 from 0)
