==15269== Memcheck, a memory error detector
==15269== Copyright (C) 2002-2017, and GNU GPL'd, by Julian Seward et al.
==15269== Using Valgrind-3.13.0 and LibVEX; rerun with -h for copyright info
==15269== Command: /rhome/a/akovacevic4/workspace/TP/T10/Z1/.runme
==15269== Parent PID: 15247
==15269== 
==15269== 
==15269== Process terminating with default action of signal 1 (SIGHUP)
==15269==    at 0x56EF152: write (write.c:27)
==15269==    by 0x566A1BC: _IO_file_write@@GLIBC_2.2.5 (fileops.c:1203)
==15269==    by 0x566AB2E: new_do_write (fileops.c:457)
==15269==    by 0x566AB2E: _IO_file_xsputn@@GLIBC_2.2.5 (fileops.c:1277)
==15269==    by 0x565E976: fwrite (iofwrite.c:39)
==15269==    by 0x5146EF2: std::ostreambuf_iterator<char, std::char_traits<char> > std::num_put<char, std::ostreambuf_iterator<char, std::char_traits<char> > >::_M_insert_float<double>(std::ostreambuf_iterator<char, std::char_traits<char> >, std::ios_base&, char, char, double) const (in /usr/lib/x86_64-linux-gnu/libstdc++.so.6.0.25)
==15269==    by 0x5152D6B: std::ostream& std::ostream::_M_insert<double>(double) (in /usr/lib/x86_64-linux-gnu/libstdc++.so.6.0.25)
==15269==    by 0x108EED: main (main.cpp:55)
==15269== 
==15269== HEAP SUMMARY:
==15269==     in use at exit: 0 bytes in 0 blocks
==15269==   total heap usage: 1 allocs, 1 frees, 72,704 bytes allocated
==15269== 
==15269== All heap blocks were freed -- no leaks are possible
==15269== 
==15269== For counts of detected and suppressed errors, rerun with: -v
==15269== ERROR SUMMARY: 0 errors from 0 contexts (suppressed: 0 from 0)
