==6673== Memcheck, a memory error detector
==6673== Copyright (C) 2002-2017, and GNU GPL'd, by Julian Seward et al.
==6673== Using Valgrind-3.13.0 and LibVEX; rerun with -h for copyright info
==6673== Command: /rhome/a/akovacevic4/workspace/TP/T5/Z1/.runme
==6673== Parent PID: 6650
==6673== 
==6673== 
==6673== Process terminating with default action of signal 1 (SIGHUP)
==6673==    at 0x54D7081: read (read.c:27)
==6673==    by 0x5454147: _IO_file_underflow@@GLIBC_2.2.5 (fileops.c:531)
==6673==    by 0x54553F1: _IO_default_uflow (genops.c:380)
==6673==    by 0x512B95C: __gnu_cxx::stdio_sync_filebuf<char, std::char_traits<char> >::underflow() (in /usr/lib/x86_64-linux-gnu/libstdc++.so.6.0.25)
==6673==    by 0x50E8A38: std::istream::getline(char*, long, char) (in /usr/lib/x86_64-linux-gnu/libstdc++.so.6.0.25)
==6673==    by 0x1089C1: main (main.cpp:20)
==6673== 
==6673== HEAP SUMMARY:
==6673==     in use at exit: 0 bytes in 0 blocks
==6673==   total heap usage: 2 allocs, 2 frees, 73,728 bytes allocated
==6673== 
==6673== All heap blocks were freed -- no leaks are possible
==6673== 
==6673== For counts of detected and suppressed errors, rerun with: -v
==6673== ERROR SUMMARY: 0 errors from 0 contexts (suppressed: 0 from 0)
