==13908== Memcheck, a memory error detector
==13908== Copyright (C) 2002-2017, and GNU GPL'd, by Julian Seward et al.
==13908== Using Valgrind-3.13.0 and LibVEX; rerun with -h for copyright info
==13908== Command: /rhome/a/akovacevic4/workspace/TP/T7/Z4/.runme
==13908== Parent PID: 13889
==13908== 
==13908== 
==13908== Process terminating with default action of signal 1 (SIGHUP)
==13908==    at 0x56EF081: read (read.c:27)
==13908==    by 0x566C147: _IO_file_underflow@@GLIBC_2.2.5 (fileops.c:531)
==13908==    by 0x566D3F1: _IO_default_uflow (genops.c:380)
==13908==    by 0x512B95C: __gnu_cxx::stdio_sync_filebuf<char, std::char_traits<char> >::underflow() (in /usr/lib/x86_64-linux-gnu/libstdc++.so.6.0.25)
==13908==    by 0x5139739: std::istream::sentry::sentry(std::istream&, bool) (in /usr/lib/x86_64-linux-gnu/libstdc++.so.6.0.25)
==13908==    by 0x513996D: std::istream::operator>>(int&) (in /usr/lib/x86_64-linux-gnu/libstdc++.so.6.0.25)
==13908==    by 0x10963C: main (main.cpp:22)
==13908== 
==13908== HEAP SUMMARY:
==13908==     in use at exit: 0 bytes in 0 blocks
==13908==   total heap usage: 2 allocs, 2 frees, 73,728 bytes allocated
==13908== 
==13908== All heap blocks were freed -- no leaks are possible
==13908== 
==13908== For counts of detected and suppressed errors, rerun with: -v
==13908== ERROR SUMMARY: 0 errors from 0 contexts (suppressed: 0 from 0)
