==20359== Memcheck, a memory error detector
==20359== Copyright (C) 2002-2017, and GNU GPL'd, by Julian Seward et al.
==20359== Using Valgrind-3.13.0 and LibVEX; rerun with -h for copyright info
==20359== Command: /rhome/a/akovacevic4/workspace/TP/T6/Z4/.runme
==20359== Parent PID: 20333
==20359== 
==20359== 
==20359== Process terminating with default action of signal 1 (SIGHUP)
==20359==    at 0x56EF081: read (read.c:27)
==20359==    by 0x566C147: _IO_file_underflow@@GLIBC_2.2.5 (fileops.c:531)
==20359==    by 0x566D3F1: _IO_default_uflow (genops.c:380)
==20359==    by 0x512B95C: __gnu_cxx::stdio_sync_filebuf<char, std::char_traits<char> >::underflow() (in /usr/lib/x86_64-linux-gnu/libstdc++.so.6.0.25)
==20359==    by 0x5139739: std::istream::sentry::sentry(std::istream&, bool) (in /usr/lib/x86_64-linux-gnu/libstdc++.so.6.0.25)
==20359==    by 0x513996D: std::istream::operator>>(int&) (in /usr/lib/x86_64-linux-gnu/libstdc++.so.6.0.25)
==20359==    by 0x1094F1: main (main.cpp:64)
==20359== 
==20359== HEAP SUMMARY:
==20359==     in use at exit: 0 bytes in 0 blocks
==20359==   total heap usage: 2 allocs, 2 frees, 73,728 bytes allocated
==20359== 
==20359== All heap blocks were freed -- no leaks are possible
==20359== 
==20359== For counts of detected and suppressed errors, rerun with: -v
==20359== ERROR SUMMARY: 0 errors from 0 contexts (suppressed: 0 from 0)
