==18148== Memcheck, a memory error detector
==18148== Copyright (C) 2002-2017, and GNU GPL'd, by Julian Seward et al.
==18148== Using Valgrind-3.13.0 and LibVEX; rerun with -h for copyright info
==18148== Command: /rhome/a/akovacevic4/workspace/TP/T6/Z2/.runme
==18148== Parent PID: 18129
==18148== 
==18148== 
==18148== Process terminating with default action of signal 1 (SIGHUP)
==18148==    at 0x56EF081: read (read.c:27)
==18148==    by 0x566C147: _IO_file_underflow@@GLIBC_2.2.5 (fileops.c:531)
==18148==    by 0x566D3F1: _IO_default_uflow (genops.c:380)
==18148==    by 0x512B95C: __gnu_cxx::stdio_sync_filebuf<char, std::char_traits<char> >::underflow() (in /usr/lib/x86_64-linux-gnu/libstdc++.so.6.0.25)
==18148==    by 0x5139739: std::istream::sentry::sentry(std::istream&, bool) (in /usr/lib/x86_64-linux-gnu/libstdc++.so.6.0.25)
==18148==    by 0x513996D: std::istream::operator>>(int&) (in /usr/lib/x86_64-linux-gnu/libstdc++.so.6.0.25)
==18148==    by 0x108F8B: main (main.cpp:41)
==18148== 
==18148== HEAP SUMMARY:
==18148==     in use at exit: 0 bytes in 0 blocks
==18148==   total heap usage: 2 allocs, 2 frees, 73,728 bytes allocated
==18148== 
==18148== All heap blocks were freed -- no leaks are possible
==18148== 
==18148== For counts of detected and suppressed errors, rerun with: -v
==18148== ERROR SUMMARY: 0 errors from 0 contexts (suppressed: 0 from 0)
