==32159== Memcheck, a memory error detector
==32159== Copyright (C) 2002-2017, and GNU GPL'd, by Julian Seward et al.
==32159== Using Valgrind-3.13.0 and LibVEX; rerun with -h for copyright info
==32159== Command: /rhome/a/akovacevic4/workspace/TP/T3/Z2/.runme
==32159== Parent PID: 32134
==32159== 
==32159== Conditional jump or move depends on uninitialised value(s)
==32159==    at 0x109007: main (main.cpp:60)
==32159== 
==32159== 
==32159== Process terminating with default action of signal 1 (SIGHUP)
==32159==    at 0x56EF154: write (write.c:27)
==32159==    by 0x566A1BC: _IO_file_write@@GLIBC_2.2.5 (fileops.c:1203)
==32159==    by 0x566AB2E: new_do_write (fileops.c:457)
==32159==    by 0x566AB2E: _IO_file_xsputn@@GLIBC_2.2.5 (fileops.c:1277)
==32159==    by 0x565E976: fwrite (iofwrite.c:39)
==32159==    by 0x5151E93: std::basic_ostream<char, std::char_traits<char> >& std::__ostream_insert<char, std::char_traits<char> >(std::basic_ostream<char, std::char_traits<char> >&, char const*, long) (in /usr/lib/x86_64-linux-gnu/libstdc++.so.6.0.25)
==32159==    by 0x5152206: std::basic_ostream<char, std::char_traits<char> >& std::operator<< <std::char_traits<char> >(std::basic_ostream<char, std::char_traits<char> >&, char const*) (in /usr/lib/x86_64-linux-gnu/libstdc++.so.6.0.25)
==32159==    by 0x10901B: main (main.cpp:62)
==32159== 
==32159== HEAP SUMMARY:
==32159==     in use at exit: 0 bytes in 0 blocks
==32159==   total heap usage: 2 allocs, 2 frees, 73,728 bytes allocated
==32159== 
==32159== All heap blocks were freed -- no leaks are possible
==32159== 
==32159== For counts of detected and suppressed errors, rerun with: -v
==32159== Use --track-origins=yes to see where uninitialised values come from
==32159== ERROR SUMMARY: 1 errors from 1 contexts (suppressed: 0 from 0)
