==14757== Memcheck, a memory error detector
==14757== Copyright (C) 2002-2017, and GNU GPL'd, by Julian Seward et al.
==14757== Using Valgrind-3.13.0 and LibVEX; rerun with -h for copyright info
==14757== Command: /rhome/a/akovacevic4/workspace/TP/T2/Z3/.runme
==14757== Parent PID: 14733
==14757== 
==14757== Conditional jump or move depends on uninitialised value(s)
==14757==    at 0x108C14: main (main.cpp:15)
==14757== 
==14757== 
==14757== Process terminating with default action of signal 1 (SIGHUP)
==14757==    at 0x56EF152: write (write.c:27)
==14757==    by 0x566A1BC: _IO_file_write@@GLIBC_2.2.5 (fileops.c:1203)
==14757==    by 0x566AB2E: new_do_write (fileops.c:457)
==14757==    by 0x566AB2E: _IO_file_xsputn@@GLIBC_2.2.5 (fileops.c:1277)
==14757==    by 0x565E976: fwrite (iofwrite.c:39)
==14757==    by 0x5151E93: std::basic_ostream<char, std::char_traits<char> >& std::__ostream_insert<char, std::char_traits<char> >(std::basic_ostream<char, std::char_traits<char> >&, char const*, long) (in /usr/lib/x86_64-linux-gnu/libstdc++.so.6.0.25)
==14757==    by 0x5152206: std::basic_ostream<char, std::char_traits<char> >& std::operator<< <std::char_traits<char> >(std::basic_ostream<char, std::char_traits<char> >&, char const*) (in /usr/lib/x86_64-linux-gnu/libstdc++.so.6.0.25)
==14757==    by 0x108CEB: main (main.cpp:23)
==14757== 
==14757== HEAP SUMMARY:
==14757==     in use at exit: 0 bytes in 0 blocks
==14757==   total heap usage: 2 allocs, 2 frees, 73,728 bytes allocated
==14757== 
==14757== All heap blocks were freed -- no leaks are possible
==14757== 
==14757== For counts of detected and suppressed errors, rerun with: -v
==14757== Use --track-origins=yes to see where uninitialised values come from
==14757== ERROR SUMMARY: 1 errors from 1 contexts (suppressed: 0 from 0)
