==30256== Memcheck, a memory error detector
==30256== Copyright (C) 2002-2017, and GNU GPL'd, by Julian Seward et al.
==30256== Using Valgrind-3.13.0 and LibVEX; rerun with -h for copyright info
==30256== Command: /rhome/a/akovacevic4/workspace/TP/T12/Z5/.runme
==30256== Parent PID: 30222
==30256== 
==30256== Conditional jump or move depends on uninitialised value(s)
==30256==    at 0x109531: std::_Vector_base<double, std::allocator<double> >::_M_allocate(unsigned long) (stl_vector.h:172)
==30256==    by 0x1093E0: std::_Vector_base<double, std::allocator<double> >::_M_create_storage(unsigned long) (stl_vector.h:187)
==30256==    by 0x109126: std::_Vector_base<double, std::allocator<double> >::_Vector_base(unsigned long, std::allocator<double> const&) (stl_vector.h:138)
==30256==    by 0x108E61: std::vector<double, std::allocator<double> >::vector(unsigned long, std::allocator<double> const&) (stl_vector.h:284)
==30256==    by 0x108C02: main (main.cpp:19)
==30256== 
==30256== Conditional jump or move depends on uninitialised value(s)
==30256==    at 0x109691: __gnu_cxx::new_allocator<double>::allocate(unsigned long, void const*) (new_allocator.h:101)
==30256==    by 0x1095EC: std::allocator_traits<std::allocator<double> >::allocate(std::allocator<double>&, unsigned long) (alloc_traits.h:436)
==30256==    by 0x109545: std::_Vector_base<double, std::allocator<double> >::_M_allocate(unsigned long) (stl_vector.h:172)
==30256==    by 0x1093E0: std::_Vector_base<double, std::allocator<double> >::_M_create_storage(unsigned long) (stl_vector.h:187)
==30256==    by 0x109126: std::_Vector_base<double, std::allocator<double> >::_Vector_base(unsigned long, std::allocator<double> const&) (stl_vector.h:138)
==30256==    by 0x108E61: std::vector<double, std::allocator<double> >::vector(unsigned long, std::allocator<double> const&) (stl_vector.h:284)
==30256==    by 0x108C02: main (main.cpp:19)
==30256== 
==30256== 
==30256== Process terminating with default action of signal 1 (SIGHUP)
==30256==    at 0x56EF152: write (write.c:27)
==30256==    by 0x566A1BC: _IO_file_write@@GLIBC_2.2.5 (fileops.c:1203)
==30256==    by 0x566AB2E: new_do_write (fileops.c:457)
==30256==    by 0x566AB2E: _IO_file_xsputn@@GLIBC_2.2.5 (fileops.c:1277)
==30256==    by 0x565E976: fwrite (iofwrite.c:39)
==30256==    by 0x50D2AB5: __gnu_cxx::__verbose_terminate_handler() (in /usr/lib/x86_64-linux-gnu/libstdc++.so.6.0.25)
==30256==    by 0x50D0A05: ??? (in /usr/lib/x86_64-linux-gnu/libstdc++.so.6.0.25)
==30256==    by 0x50D0A40: std::terminate() (in /usr/lib/x86_64-linux-gnu/libstdc++.so.6.0.25)
==30256==    by 0x50D0C73: __cxa_throw (in /usr/lib/x86_64-linux-gnu/libstdc++.so.6.0.25)
==30256==    by 0x50F8ED1: std::__throw_bad_alloc() (in /usr/lib/x86_64-linux-gnu/libstdc++.so.6.0.25)
==30256==    by 0x109697: __gnu_cxx::new_allocator<double>::allocate(unsigned long, void const*) (new_allocator.h:102)
==30256==    by 0x1095EC: std::allocator_traits<std::allocator<double> >::allocate(std::allocator<double>&, unsigned long) (alloc_traits.h:436)
==30256==    by 0x109545: std::_Vector_base<double, std::allocator<double> >::_M_allocate(unsigned long) (stl_vector.h:172)
==30256== 
==30256== HEAP SUMMARY:
==30256==     in use at exit: 152 bytes in 2 blocks
==30256==   total heap usage: 4 allocs, 2 frees, 73,880 bytes allocated
==30256== 
==30256== 136 bytes in 1 blocks are possibly lost in loss record 2 of 2
==30256==    at 0x4C2FB0F: malloc (in /usr/lib/valgrind/vgpreload_memcheck-amd64-linux.so)
==30256==    by 0x50CF83F: __cxa_allocate_exception (in /usr/lib/x86_64-linux-gnu/libstdc++.so.6.0.25)
==30256==    by 0x50F8EAD: std::__throw_bad_alloc() (in /usr/lib/x86_64-linux-gnu/libstdc++.so.6.0.25)
==30256==    by 0x109697: __gnu_cxx::new_allocator<double>::allocate(unsigned long, void const*) (new_allocator.h:102)
==30256==    by 0x1095EC: std::allocator_traits<std::allocator<double> >::allocate(std::allocator<double>&, unsigned long) (alloc_traits.h:436)
==30256==    by 0x109545: std::_Vector_base<double, std::allocator<double> >::_M_allocate(unsigned long) (stl_vector.h:172)
==30256==    by 0x1093E0: std::_Vector_base<double, std::allocator<double> >::_M_create_storage(unsigned long) (stl_vector.h:187)
==30256==    by 0x109126: std::_Vector_base<double, std::allocator<double> >::_Vector_base(unsigned long, std::allocator<double> const&) (stl_vector.h:138)
==30256==    by 0x108E61: std::vector<double, std::allocator<double> >::vector(unsigned long, std::allocator<double> const&) (stl_vector.h:284)
==30256==    by 0x108C02: main (main.cpp:19)
==30256== 
==30256== LEAK SUMMARY:
==30256==    definitely lost: 0 bytes in 0 blocks
==30256==    indirectly lost: 0 bytes in 0 blocks
==30256==      possibly lost: 136 bytes in 1 blocks
==30256==    still reachable: 16 bytes in 1 blocks
==30256==         suppressed: 0 bytes in 0 blocks
==30256== Reachable blocks (those to which a pointer was found) are not shown.
==30256== To see them, rerun with: --leak-check=full --show-leak-kinds=all
==30256== 
==30256== For counts of detected and suppressed errors, rerun with: -v
==30256== Use --track-origins=yes to see where uninitialised values come from
==30256== ERROR SUMMARY: 3 errors from 3 contexts (suppressed: 0 from 0)
