==21833== Memcheck, a memory error detector
==21833== Copyright (C) 2002-2017, and GNU GPL'd, by Julian Seward et al.
==21833== Using Valgrind-3.13.0 and LibVEX; rerun with -h for copyright info
==21833== Command: /rhome/a/akovacevic4/workspace/TP/T8/Z3/.runme
==21833== Parent PID: 21809
==21833== 
==21833== Conditional jump or move depends on uninitialised value(s)
==21833==    at 0x1091CA: main (main.cpp:36)
==21833== 
==21833== Conditional jump or move depends on uninitialised value(s)
==21833==    at 0x4C3084C: operator new[](unsigned long) (in /usr/lib/valgrind/vgpreload_memcheck-amd64-linux.so)
==21833==    by 0x1091D7: main (main.cpp:36)
==21833== 
==21833== Conditional jump or move depends on uninitialised value(s)
==21833==    at 0x1091F0: main (main.cpp:37)
==21833== 
==21833== Conditional jump or move depends on uninitialised value(s)
==21833==    at 0x1092F6: UnesiUcenike(Ucenik**, int) (main.cpp:57)
==21833==    by 0x109223: main (main.cpp:39)
==21833== 
==21833== Conditional jump or move depends on uninitialised value(s)
==21833==    at 0x10958F: ObradiUcenike(Ucenik**, int) (main.cpp:88)
==21833==    by 0x109234: main (main.cpp:45)
==21833== 
==21833== Conditional jump or move depends on uninitialised value(s)
==21833==    at 0x10998D: void std::__sort<Ucenik**, __gnu_cxx::__ops::_Iter_comp_iter<ObradiUcenike(Ucenik**, int)::{lambda(Ucenik*, Ucenik*)#1}> >(Ucenik**, __gnu_cxx::__ops::_Iter_comp_iter<ObradiUcenike(Ucenik**, int)::{lambda(Ucenik*, Ucenik*)#1}>, __gnu_cxx::__ops::_Iter_comp_iter<ObradiUcenike(Ucenik**, int)::{lambda(Ucenik*, Ucenik*)#1}>) (stl_algo.h:1966)
==21833==    by 0x109903: void std::sort<Ucenik**, ObradiUcenike(Ucenik**, int)::{lambda(Ucenik*, Ucenik*)#1}>(Ucenik**, ObradiUcenike(Ucenik**, int)::{lambda(Ucenik*, Ucenik*)#1}, ObradiUcenike(Ucenik**, int)::{lambda(Ucenik*, Ucenik*)#1}) (stl_algo.h:4868)
==21833==    by 0x1095DD: ObradiUcenike(Ucenik**, int) (main.cpp:89)
==21833==    by 0x109234: main (main.cpp:45)
==21833== 
==21833== 
==21833== Process terminating with default action of signal 1 (SIGHUP)
==21833==    at 0x56EF152: write (write.c:27)
==21833==    by 0x566A1BC: _IO_file_write@@GLIBC_2.2.5 (fileops.c:1203)
==21833==    by 0x566BF50: new_do_write (fileops.c:457)
==21833==    by 0x566BF50: _IO_do_write@@GLIBC_2.2.5 (fileops.c:433)
==21833==    by 0x566C402: _IO_file_overflow@@GLIBC_2.2.5 (fileops.c:798)
==21833==    by 0x5151999: std::ostream::put(char) (in /usr/lib/x86_64-linux-gnu/libstdc++.so.6.0.25)
==21833==    by 0x5151B9E: std::basic_ostream<char, std::char_traits<char> >& std::endl<char, std::char_traits<char> >(std::basic_ostream<char, std::char_traits<char> >&) (in /usr/lib/x86_64-linux-gnu/libstdc++.so.6.0.25)
==21833==    by 0x1096C5: IspisiIzvjestaj(Ucenik**, int) (main.cpp:107)
==21833==    by 0x109245: main (main.cpp:46)
==21833== 
==21833== HEAP SUMMARY:
==21833==     in use at exit: 0 bytes in 1 blocks
==21833==   total heap usage: 3 allocs, 2 frees, 73,728 bytes allocated
==21833== 
==21833== LEAK SUMMARY:
==21833==    definitely lost: 0 bytes in 0 blocks
==21833==    indirectly lost: 0 bytes in 0 blocks
==21833==      possibly lost: 0 bytes in 0 blocks
==21833==    still reachable: 0 bytes in 1 blocks
==21833==         suppressed: 0 bytes in 0 blocks
==21833== Reachable blocks (those to which a pointer was found) are not shown.
==21833== To see them, rerun with: --leak-check=full --show-leak-kinds=all
==21833== 
==21833== For counts of detected and suppressed errors, rerun with: -v
==21833== Use --track-origins=yes to see where uninitialised values come from
==21833== ERROR SUMMARY: 6 errors from 6 contexts (suppressed: 0 from 0)
