==23781== Memcheck, a memory error detector
==23781== Copyright (C) 2002-2017, and GNU GPL'd, by Julian Seward et al.
==23781== Using Valgrind-3.13.0 and LibVEX; rerun with -h for copyright info
==23781== Command: /rhome/a/akovacevic4/workspace/TP/T6/Z5/.runme
==23781== Parent PID: 23731
==23781== 
==23781== Conditional jump or move depends on uninitialised value(s)
==23781==    at 0x10A9DD: unsigned long const& std::max<unsigned long>(unsigned long const&, unsigned long const&) (stl_algobase.h:224)
==23781==    by 0x10A38B: std::_Deque_base<int, std::allocator<int> >::_M_initialize_map(unsigned long) (stl_deque.h:688)
==23781==    by 0x109C0C: std::_Deque_base<int, std::allocator<int> >::_Deque_base(std::allocator<int> const&, unsigned long) (stl_deque.h:500)
==23781==    by 0x109579: std::deque<int, std::allocator<int> >::deque(unsigned long, std::allocator<int> const&) (stl_deque.h:909)
==23781==    by 0x10908E: main (main.cpp:54)
==23781== 
==23781== Conditional jump or move depends on uninitialised value(s)
==23781==    at 0x10B335: __gnu_cxx::new_allocator<int*>::allocate(unsigned long, void const*) (new_allocator.h:101)
==23781==    by 0x10AEFE: std::allocator_traits<std::allocator<int*> >::allocate(std::allocator<int*>&, unsigned long) (alloc_traits.h:436)
==23781==    by 0x10AA31: std::_Deque_base<int, std::allocator<int> >::_M_allocate_map(unsigned long) (stl_deque.h:616)
==23781==    by 0x10A3AD: std::_Deque_base<int, std::allocator<int> >::_M_initialize_map(unsigned long) (stl_deque.h:689)
==23781==    by 0x109C0C: std::_Deque_base<int, std::allocator<int> >::_Deque_base(std::allocator<int> const&, unsigned long) (stl_deque.h:500)
==23781==    by 0x109579: std::deque<int, std::allocator<int> >::deque(unsigned long, std::allocator<int> const&) (stl_deque.h:909)
==23781==    by 0x10908E: main (main.cpp:54)
==23781== 
==23781== Conditional jump or move depends on uninitialised value(s)
==23781==    at 0x4C3012C: operator new(unsigned long) (in /usr/lib/valgrind/vgpreload_memcheck-amd64-linux.so)
==23781==    by 0x10B34B: __gnu_cxx::new_allocator<int*>::allocate(unsigned long, void const*) (new_allocator.h:111)
==23781==    by 0x10AEFE: std::allocator_traits<std::allocator<int*> >::allocate(std::allocator<int*>&, unsigned long) (alloc_traits.h:436)
==23781==    by 0x10AA31: std::_Deque_base<int, std::allocator<int> >::_M_allocate_map(unsigned long) (stl_deque.h:616)
==23781==    by 0x10A3AD: std::_Deque_base<int, std::allocator<int> >::_M_initialize_map(unsigned long) (stl_deque.h:689)
==23781==    by 0x109C0C: std::_Deque_base<int, std::allocator<int> >::_Deque_base(std::allocator<int> const&, unsigned long) (stl_deque.h:500)
==23781==    by 0x109579: std::deque<int, std::allocator<int> >::deque(unsigned long, std::allocator<int> const&) (stl_deque.h:909)
==23781==    by 0x10908E: main (main.cpp:54)
==23781== 
==23781== Conditional jump or move depends on uninitialised value(s)
==23781==    at 0x10AAA1: std::_Deque_base<int, std::allocator<int> >::_M_create_nodes(int**, int**) (stl_deque.h:726)
==23781==    by 0x10A406: std::_Deque_base<int, std::allocator<int> >::_M_initialize_map(unsigned long) (stl_deque.h:701)
==23781==    by 0x109C0C: std::_Deque_base<int, std::allocator<int> >::_Deque_base(std::allocator<int> const&, unsigned long) (stl_deque.h:500)
==23781==    by 0x109579: std::deque<int, std::allocator<int> >::deque(unsigned long, std::allocator<int> const&) (stl_deque.h:909)
==23781==    by 0x10908E: main (main.cpp:54)
==23781== 
==23781== Use of uninitialised value of size 8
==23781==    at 0x10AAB6: std::_Deque_base<int, std::allocator<int> >::_M_create_nodes(int**, int**) (stl_deque.h:727)
==23781==    by 0x10A406: std::_Deque_base<int, std::allocator<int> >::_M_initialize_map(unsigned long) (stl_deque.h:701)
==23781==    by 0x109C0C: std::_Deque_base<int, std::allocator<int> >::_Deque_base(std::allocator<int> const&, unsigned long) (stl_deque.h:500)
==23781==    by 0x109579: std::deque<int, std::allocator<int> >::deque(unsigned long, std::allocator<int> const&) (stl_deque.h:909)
==23781==    by 0x10908E: main (main.cpp:54)
==23781== 
==23781== 
==23781== Process terminating with default action of signal 1 (SIGHUP)
==23781==    at 0x10AAA3: std::_Deque_base<int, std::allocator<int> >::_M_create_nodes(int**, int**) (stl_deque.h:727)
==23781==    by 0x10A406: std::_Deque_base<int, std::allocator<int> >::_M_initialize_map(unsigned long) (stl_deque.h:701)
==23781==    by 0x109C0C: std::_Deque_base<int, std::allocator<int> >::_Deque_base(std::allocator<int> const&, unsigned long) (stl_deque.h:500)
==23781==    by 0x109579: std::deque<int, std::allocator<int> >::deque(unsigned long, std::allocator<int> const&) (stl_deque.h:909)
==23781==    by 0x10908E: main (main.cpp:54)
==23781== 
==23781== HEAP SUMMARY:
==23781==     in use at exit: 8,829,872 bytes in 6,525 blocks
==23781==   total heap usage: 6,527 allocs, 2 frees, 8,903,600 bytes allocated
==23781== 
==23781== LEAK SUMMARY:
==23781==    definitely lost: 0 bytes in 0 blocks
==23781==    indirectly lost: 0 bytes in 0 blocks
==23781==      possibly lost: 0 bytes in 0 blocks
==23781==    still reachable: 8,829,872 bytes in 6,525 blocks
==23781==         suppressed: 0 bytes in 0 blocks
==23781== Reachable blocks (those to which a pointer was found) are not shown.
==23781== To see them, rerun with: --leak-check=full --show-leak-kinds=all
==23781== 
==23781== For counts of detected and suppressed errors, rerun with: -v
==23781== Use --track-origins=yes to see where uninitialised values come from
==23781== ERROR SUMMARY: 13052 errors from 5 contexts (suppressed: 0 from 0)
