==20601== Memcheck, a memory error detector
==20601== Copyright (C) 2002-2017, and GNU GPL'd, by Julian Seward et al.
==20601== Using Valgrind-3.13.0 and LibVEX; rerun with -h for copyright info
==20601== Command: /rhome/a/akovacevic4/workspace/TP/T5/Z3/.runme
==20601== Parent PID: 20577
==20601== 
==20601== 
==20601== Process terminating with default action of signal 1 (SIGHUP)
==20601==    at 0x5875152: write (write.c:27)
==20601==    by 0x57F01BC: _IO_file_write@@GLIBC_2.2.5 (fileops.c:1203)
==20601==    by 0x57F0B2E: new_do_write (fileops.c:457)
==20601==    by 0x57F0B2E: _IO_file_xsputn@@GLIBC_2.2.5 (fileops.c:1277)
==20601==    by 0x57E4976: fwrite (iofwrite.c:39)
==20601==    by 0x5151E93: std::basic_ostream<char, std::char_traits<char> >& std::__ostream_insert<char, std::char_traits<char> >(std::basic_ostream<char, std::char_traits<char> >&, char const*, long) (in /usr/lib/x86_64-linux-gnu/libstdc++.so.6.0.25)
==20601==    by 0x5152206: std::basic_ostream<char, std::char_traits<char> >& std::operator<< <std::char_traits<char> >(std::basic_ostream<char, std::char_traits<char> >&, char const*) (in /usr/lib/x86_64-linux-gnu/libstdc++.so.6.0.25)
==20601==    by 0x108C72: main (main.cpp:55)
==20601== 
==20601== HEAP SUMMARY:
==20601==     in use at exit: 0 bytes in 0 blocks
==20601==   total heap usage: 2 allocs, 2 frees, 73,728 bytes allocated
==20601== 
==20601== All heap blocks were freed -- no leaks are possible
==20601== 
==20601== For counts of detected and suppressed errors, rerun with: -v
==20601== ERROR SUMMARY: 0 errors from 0 contexts (suppressed: 0 from 0)
