==8579== Memcheck, a memory error detector
==8579== Copyright (C) 2002-2017, and GNU GPL'd, by Julian Seward et al.
==8579== Using Valgrind-3.13.0 and LibVEX; rerun with -h for copyright info
==8579== Command: /rhome/a/akovacevic4/workspace/TP/T1/Z1/.runme
==8579== Parent PID: 8558
==8579== 
==8579== 
==8579== Process terminating with default action of signal 1 (SIGHUP)
==8579==    at 0x54D7152: write (write.c:27)
==8579==    by 0x54521BC: _IO_file_write@@GLIBC_2.2.5 (fileops.c:1203)
==8579==    by 0x5452B2E: new_do_write (fileops.c:457)
==8579==    by 0x5452B2E: _IO_file_xsputn@@GLIBC_2.2.5 (fileops.c:1277)
==8579==    by 0x5446976: fwrite (iofwrite.c:39)
==8579==    by 0x5151E93: std::basic_ostream<char, std::char_traits<char> >& std::__ostream_insert<char, std::char_traits<char> >(std::basic_ostream<char, std::char_traits<char> >&, char const*, long) (in /usr/lib/x86_64-linux-gnu/libstdc++.so.6.0.25)
==8579==    by 0x5152206: std::basic_ostream<char, std::char_traits<char> >& std::operator<< <std::char_traits<char> >(std::basic_ostream<char, std::char_traits<char> >&, char const*) (in /usr/lib/x86_64-linux-gnu/libstdc++.so.6.0.25)
==8579==    by 0x108A82: main (main.cpp:11)
==8579== 
==8579== HEAP SUMMARY:
==8579==     in use at exit: 0 bytes in 0 blocks
==8579==   total heap usage: 2 allocs, 2 frees, 73,728 bytes allocated
==8579== 
==8579== All heap blocks were freed -- no leaks are possible
==8579== 
==8579== For counts of detected and suppressed errors, rerun with: -v
==8579== ERROR SUMMARY: 0 errors from 0 contexts (suppressed: 0 from 0)
