==16896== Memcheck, a memory error detector
==16896== Copyright (C) 2002-2017, and GNU GPL'd, by Julian Seward et al.
==16896== Using Valgrind-3.13.0 and LibVEX; rerun with -h for copyright info
==16896== Command: /rhome/a/akovacevic4/workspace/TP/T1/Z3/.runme
==16896== Parent PID: 16872
==16896== 
==16896== 
==16896== Process terminating with default action of signal 1 (SIGHUP)
==16896==    at 0x5875081: read (read.c:27)
==16896==    by 0x57F2147: _IO_file_underflow@@GLIBC_2.2.5 (fileops.c:531)
==16896==    by 0x57F33F1: _IO_default_uflow (genops.c:380)
==16896==    by 0x512B95C: __gnu_cxx::stdio_sync_filebuf<char, std::char_traits<char> >::underflow() (in /usr/lib/x86_64-linux-gnu/libstdc++.so.6.0.25)
==16896==    by 0x5139739: std::istream::sentry::sentry(std::istream&, bool) (in /usr/lib/x86_64-linux-gnu/libstdc++.so.6.0.25)
==16896==    by 0x513996D: std::istream::operator>>(int&) (in /usr/lib/x86_64-linux-gnu/libstdc++.so.6.0.25)
==16896==    by 0x108CBC: main (main.cpp:11)
==16896== 
==16896== HEAP SUMMARY:
==16896==     in use at exit: 0 bytes in 0 blocks
==16896==   total heap usage: 2 allocs, 2 frees, 73,728 bytes allocated
==16896== 
==16896== All heap blocks were freed -- no leaks are possible
==16896== 
==16896== For counts of detected and suppressed errors, rerun with: -v
==16896== ERROR SUMMARY: 0 errors from 0 contexts (suppressed: 0 from 0)
