==8859== Memcheck, a memory error detector
==8859== Copyright (C) 2002-2017, and GNU GPL'd, by Julian Seward et al.
==8859== Using Valgrind-3.13.0 and LibVEX; rerun with -h for copyright info
==8859== Command: /rhome/a/akovacevic4/workspace/TP/T4/Z1/.runme
==8859== Parent PID: 8827
==8859== 
==8859== Conditional jump or move depends on uninitialised value(s)
==8859==    at 0x108A66: Cifre(long long, int&, int&) (main.cpp:10)
==8859==    by 0x108CE7: main (main.cpp:51)
==8859== 
==8859== Conditional jump or move depends on uninitialised value(s)
==8859==    at 0x108A90: Cifre(long long, int&, int&) (main.cpp:17)
==8859==    by 0x108CE7: main (main.cpp:51)
==8859== 
==8859== Conditional jump or move depends on uninitialised value(s)
==8859==    at 0x108BF5: Cifre(long long, int&, int&) (main.cpp:31)
==8859==    by 0x108CE7: main (main.cpp:51)
==8859== 
==8859== Conditional jump or move depends on uninitialised value(s)
==8859==    at 0x108C3C: Cifre(long long, int&, int&) (main.cpp:33)
==8859==    by 0x108CE7: main (main.cpp:51)
==8859== 
==8859== Conditional jump or move depends on uninitialised value(s)
==8859==    at 0x108C52: Cifre(long long, int&, int&) (main.cpp:36)
==8859==    by 0x108CE7: main (main.cpp:51)
==8859== 
==8859== 
==8859== Process terminating with default action of signal 1 (SIGHUP)
==8859==    at 0x54D7152: write (write.c:27)
==8859==    by 0x54521BC: _IO_file_write@@GLIBC_2.2.5 (fileops.c:1203)
==8859==    by 0x5452B2E: new_do_write (fileops.c:457)
==8859==    by 0x5452B2E: _IO_file_xsputn@@GLIBC_2.2.5 (fileops.c:1277)
==8859==    by 0x5446976: fwrite (iofwrite.c:39)
==8859==    by 0x5151E93: std::basic_ostream<char, std::char_traits<char> >& std::__ostream_insert<char, std::char_traits<char> >(std::basic_ostream<char, std::char_traits<char> >&, char const*, long) (in /usr/lib/x86_64-linux-gnu/libstdc++.so.6.0.25)
==8859==    by 0x5152206: std::basic_ostream<char, std::char_traits<char> >& std::operator<< <std::char_traits<char> >(std::basic_ostream<char, std::char_traits<char> >&, char const*) (in /usr/lib/x86_64-linux-gnu/libstdc++.so.6.0.25)
==8859==    by 0x108CFD: main (main.cpp:52)
==8859== 
==8859== HEAP SUMMARY:
==8859==     in use at exit: 0 bytes in 0 blocks
==8859==   total heap usage: 2 allocs, 2 frees, 73,728 bytes allocated
==8859== 
==8859== All heap blocks were freed -- no leaks are possible
==8859== 
==8859== For counts of detected and suppressed errors, rerun with: -v
==8859== Use --track-origins=yes to see where uninitialised values come from
==8859== ERROR SUMMARY: 34 errors from 5 contexts (suppressed: 0 from 0)
