==5034== Memcheck, a memory error detector
==5034== Copyright (C) 2002-2017, and GNU GPL'd, by Julian Seward et al.
==5034== Using Valgrind-3.13.0 and LibVEX; rerun with -h for copyright info
==5034== Command: /rhome/a/akovacevic4/workspace/TP/T6/Z1/.runme
==5034== Parent PID: 5010
==5034== 
==5034== Conditional jump or move depends on uninitialised value(s)
==5034==    at 0x109757: int* GenerirajStepeneDvojke<int>(int) (main.cpp:18)
==5034==    by 0x109481: main (main.cpp:48)
==5034== 
==5034== Conditional jump or move depends on uninitialised value(s)
==5034==    at 0x1097A0: int* GenerirajStepeneDvojke<int>(int) (main.cpp:24)
==5034==    by 0x109481: main (main.cpp:48)
==5034== 
==5034== Conditional jump or move depends on uninitialised value(s)
==5034==    at 0x4C3084C: operator new[](unsigned long) (in /usr/lib/valgrind/vgpreload_memcheck-amd64-linux.so)
==5034==    by 0x1097AD: int* GenerirajStepeneDvojke<int>(int) (main.cpp:24)
==5034==    by 0x109481: main (main.cpp:48)
==5034== 
==5034== Conditional jump or move depends on uninitialised value(s)
==5034==    at 0x1097C6: int* GenerirajStepeneDvojke<int>(int) (main.cpp:30)
==5034==    by 0x109481: main (main.cpp:48)
==5034== 
==5034== Conditional jump or move depends on uninitialised value(s)
==5034==    at 0x109493: main (main.cpp:49)
==5034== 
==5034== 
==5034== Process terminating with default action of signal 1 (SIGHUP)
==5034==    at 0x5A8D152: write (write.c:27)
==5034==    by 0x5A081BC: _IO_file_write@@GLIBC_2.2.5 (fileops.c:1203)
==5034==    by 0x5A08B2E: new_do_write (fileops.c:457)
==5034==    by 0x5A08B2E: _IO_file_xsputn@@GLIBC_2.2.5 (fileops.c:1277)
==5034==    by 0x59FC976: fwrite (iofwrite.c:39)
==5034==    by 0x51460D1: std::ostreambuf_iterator<char, std::char_traits<char> > std::num_put<char, std::ostreambuf_iterator<char, std::char_traits<char> > >::_M_insert_int<long>(std::ostreambuf_iterator<char, std::char_traits<char> >, std::ios_base&, char, long) const (in /usr/lib/x86_64-linux-gnu/libstdc++.so.6.0.25)
==5034==    by 0x5152384: std::ostream& std::ostream::_M_insert<long>(long) (in /usr/lib/x86_64-linux-gnu/libstdc++.so.6.0.25)
==5034==    by 0x1094B8: main (main.cpp:50)
==5034== 
==5034== HEAP SUMMARY:
==5034==     in use at exit: 8 bytes in 1 blocks
==5034==   total heap usage: 3 allocs, 2 frees, 73,736 bytes allocated
==5034== 
==5034== LEAK SUMMARY:
==5034==    definitely lost: 0 bytes in 0 blocks
==5034==    indirectly lost: 0 bytes in 0 blocks
==5034==      possibly lost: 0 bytes in 0 blocks
==5034==    still reachable: 8 bytes in 1 blocks
==5034==         suppressed: 0 bytes in 0 blocks
==5034== Reachable blocks (those to which a pointer was found) are not shown.
==5034== To see them, rerun with: --leak-check=full --show-leak-kinds=all
==5034== 
==5034== For counts of detected and suppressed errors, rerun with: -v
==5034== Use --track-origins=yes to see where uninitialised values come from
==5034== ERROR SUMMARY: 7 errors from 5 contexts (suppressed: 0 from 0)
