==4574== Memcheck, a memory error detector
==4574== Copyright (C) 2002-2017, and GNU GPL'd, by Julian Seward et al.
==4574== Using Valgrind-3.13.0 and LibVEX; rerun with -h for copyright info
==4574== Command: /rhome/a/akovacevic4/workspace/TP/T7/Z3/.runme
==4574== Parent PID: 4550
==4574== 
==4574== 
==4574== Process terminating with default action of signal 1 (SIGHUP)
==4574==    at 0x56EF152: write (write.c:27)
==4574==    by 0x566A1BC: _IO_file_write@@GLIBC_2.2.5 (fileops.c:1203)
==4574==    by 0x566AB2E: new_do_write (fileops.c:457)
==4574==    by 0x566AB2E: _IO_file_xsputn@@GLIBC_2.2.5 (fileops.c:1277)
==4574==    by 0x565E976: fwrite (iofwrite.c:39)
==4574==    by 0x5151E93: std::basic_ostream<char, std::char_traits<char> >& std::__ostream_insert<char, std::char_traits<char> >(std::basic_ostream<char, std::char_traits<char> >&, char const*, long) (in /usr/lib/x86_64-linux-gnu/libstdc++.so.6.0.25)
==4574==    by 0x5152206: std::basic_ostream<char, std::char_traits<char> >& std::operator<< <std::char_traits<char> >(std::basic_ostream<char, std::char_traits<char> >&, char const*) (in /usr/lib/x86_64-linux-gnu/libstdc++.so.6.0.25)
==4574==    by 0x1092E4: main (main.cpp:22)
==4574== 
==4574== HEAP SUMMARY:
==4574==     in use at exit: 0 bytes in 0 blocks
==4574==   total heap usage: 2 allocs, 2 frees, 73,728 bytes allocated
==4574== 
==4574== All heap blocks were freed -- no leaks are possible
==4574== 
==4574== For counts of detected and suppressed errors, rerun with: -v
==4574== ERROR SUMMARY: 0 errors from 0 contexts (suppressed: 0 from 0)
