/rhome/a/akovacevic4/workspace/TP/T11/Z4/main.cpp: In constructor ‘Liga::Liga(std::initializer_list<Tim>)’:
/rhome/a/akovacevic4/workspace/TP/T11/Z4/main.cpp:92:6: warning: ‘Liga::max_br_timova’ will be initialized after [-Wreorder]
  int max_br_timova;
      ^~~~~~~~~~~~~
/rhome/a/akovacevic4/workspace/TP/T11/Z4/main.cpp:91:6: warning:   ‘int Liga::broj_timova’ [-Wreorder]
  int broj_timova;
      ^~~~~~~~~~~
/rhome/a/akovacevic4/workspace/TP/T11/Z4/main.cpp:117:11: warning:   when initialized here [-Wreorder]
  explicit Liga(std::initializer_list<Tim> lista_timova) : max_br_timova(lista_timova.size()), broj_timova(lista_timova.size())
           ^~~~
/rhome/a/akovacevic4/workspace/TP/T11/Z4/main.cpp: In copy constructor ‘Liga::Liga(const Liga&)’:
/rhome/a/akovacevic4/workspace/TP/T11/Z4/main.cpp:93:16: warning: ‘Liga::timovi’ will be initialized after [-Wreorder]
  mutable Tim **timovi;
                ^~~~~~
/rhome/a/akovacevic4/workspace/TP/T11/Z4/main.cpp:91:6: warning:   ‘int Liga::broj_timova’ [-Wreorder]
  int broj_timova;
      ^~~~~~~~~~~
/rhome/a/akovacevic4/workspace/TP/T11/Z4/main.cpp:143:2: warning:   when initialized here [-Wreorder]
  Liga(const Liga &l) : timovi(new Tim*[l.max_br_timova] {}), broj_timova(l.broj_timova), max_br_timova(l.max_br_timova)
  ^~~~
/rhome/a/akovacevic4/workspace/TP/T11/Z4/main.cpp: In constructor ‘Liga::Liga(Liga&&)’:
/rhome/a/akovacevic4/workspace/TP/T11/Z4/main.cpp:92:6: warning: ‘Liga::max_br_timova’ will be initialized after [-Wreorder]
  int max_br_timova;
      ^~~~~~~~~~~~~
/rhome/a/akovacevic4/workspace/TP/T11/Z4/main.cpp:91:6: warning:   ‘int Liga::broj_timova’ [-Wreorder]
  int broj_timova;
      ^~~~~~~~~~~
/rhome/a/akovacevic4/workspace/TP/T11/Z4/main.cpp:157:2: warning:   when initialized here [-Wreorder]
  Liga(Liga &&l) : max_br_timova(l.max_br_timova), broj_timova(l.broj_timova)
  ^~~~
