==25629== Memcheck, a memory error detector
==25629== Copyright (C) 2002-2017, and GNU GPL'd, by Julian Seward et al.
==25629== Using Valgrind-3.13.0 and LibVEX; rerun with -h for copyright info
==25629== Command: /rhome/a/akovacevic4/workspace/TP/T8/Z6/.runme
==25629== Parent PID: 25606
==25629== 
==25629== 
==25629== Process terminating with default action of signal 1 (SIGHUP)
==25629==    at 0x54D7081: read (read.c:27)
==25629==    by 0x5454147: _IO_file_underflow@@GLIBC_2.2.5 (fileops.c:531)
==25629==    by 0x54553F1: _IO_default_uflow (genops.c:380)
==25629==    by 0x512B95C: __gnu_cxx::stdio_sync_filebuf<char, std::char_traits<char> >::underflow() (in /usr/lib/x86_64-linux-gnu/libstdc++.so.6.0.25)
==25629==    by 0x5139739: std::istream::sentry::sentry(std::istream&, bool) (in /usr/lib/x86_64-linux-gnu/libstdc++.so.6.0.25)
==25629==    by 0x513BCCD: std::istream& std::istream::_M_extract<double>(double&) (in /usr/lib/x86_64-linux-gnu/libstdc++.so.6.0.25)
==25629==    by 0x108B10: Cvor<double>* KreirajPovezanuListu<double>(double) (main.cpp:15)
==25629==    by 0x1089ED: main (main.cpp:86)
==25629== 
==25629== HEAP SUMMARY:
==25629==     in use at exit: 0 bytes in 0 blocks
==25629==   total heap usage: 2 allocs, 2 frees, 73,728 bytes allocated
==25629== 
==25629== All heap blocks were freed -- no leaks are possible
==25629== 
==25629== For counts of detected and suppressed errors, rerun with: -v
==25629== ERROR SUMMARY: 0 errors from 0 contexts (suppressed: 0 from 0)
