==6978== Memcheck, a memory error detector
==6978== Copyright (C) 2002-2017, and GNU GPL'd, by Julian Seward et al.
==6978== Using Valgrind-3.13.0 and LibVEX; rerun with -h for copyright info
==6978== Command: /rhome/a/akovacevic4/workspace/TP/T3/Z8/.runme
==6978== Parent PID: 6934
==6978== 
==6978== 
==6978== Process terminating with default action of signal 1 (SIGHUP)
==6978==    at 0x56EF081: read (read.c:27)
==6978==    by 0x566C147: _IO_file_underflow@@GLIBC_2.2.5 (fileops.c:531)
==6978==    by 0x566D3F1: _IO_default_uflow (genops.c:380)
==6978==    by 0x512B95C: __gnu_cxx::stdio_sync_filebuf<char, std::char_traits<char> >::underflow() (in /usr/lib/x86_64-linux-gnu/libstdc++.so.6.0.25)
==6978==    by 0x5139739: std::istream::sentry::sentry(std::istream&, bool) (in /usr/lib/x86_64-linux-gnu/libstdc++.so.6.0.25)
==6978==    by 0x513996D: std::istream::operator>>(int&) (in /usr/lib/x86_64-linux-gnu/libstdc++.so.6.0.25)
==6978==    by 0x109777: main (main.cpp:62)
==6978== 
==6978== HEAP SUMMARY:
==6978==     in use at exit: 0 bytes in 0 blocks
==6978==   total heap usage: 2 allocs, 2 frees, 73,728 bytes allocated
==6978== 
==6978== All heap blocks were freed -- no leaks are possible
==6978== 
==6978== For counts of detected and suppressed errors, rerun with: -v
==6978== ERROR SUMMARY: 0 errors from 0 contexts (suppressed: 0 from 0)
