==8539== Memcheck, a memory error detector
==8539== Copyright (C) 2002-2017, and GNU GPL'd, by Julian Seward et al.
==8539== Using Valgrind-3.13.0 and LibVEX; rerun with -h for copyright info
==8539== Command: /rhome/a/akovacevic4/workspace/TP/T12/Z3/.runme
==8539== Parent PID: 8523
==8539== 
==8539== 
==8539== Process terminating with default action of signal 1 (SIGHUP)
==8539==    at 0x54D7152: write (write.c:27)
==8539==    by 0x54521BC: _IO_file_write@@GLIBC_2.2.5 (fileops.c:1203)
==8539==    by 0x5452B2E: new_do_write (fileops.c:457)
==8539==    by 0x5452B2E: _IO_file_xsputn@@GLIBC_2.2.5 (fileops.c:1277)
==8539==    by 0x5446976: fwrite (iofwrite.c:39)
==8539==    by 0x5151E93: std::basic_ostream<char, std::char_traits<char> >& std::__ostream_insert<char, std::char_traits<char> >(std::basic_ostream<char, std::char_traits<char> >&, char const*, long) (in /usr/lib/x86_64-linux-gnu/libstdc++.so.6.0.25)
==8539==    by 0x5152206: std::basic_ostream<char, std::char_traits<char> >& std::operator<< <std::char_traits<char> >(std::basic_ostream<char, std::char_traits<char> >&, char const*) (in /usr/lib/x86_64-linux-gnu/libstdc++.so.6.0.25)
==8539==    by 0x1089CE: operator<<(std::ostream&, Dani) (main.cpp:18)
==8539==    by 0x108AD0: main (main.cpp:40)
==8539== 
==8539== HEAP SUMMARY:
==8539==     in use at exit: 0 bytes in 0 blocks
==8539==   total heap usage: 1 allocs, 1 frees, 72,704 bytes allocated
==8539== 
==8539== All heap blocks were freed -- no leaks are possible
==8539== 
==8539== For counts of detected and suppressed errors, rerun with: -v
==8539== ERROR SUMMARY: 0 errors from 0 contexts (suppressed: 0 from 0)
