==21319== Memcheck, a memory error detector
==21319== Copyright (C) 2002-2017, and GNU GPL'd, by Julian Seward et al.
==21319== Using Valgrind-3.13.0 and LibVEX; rerun with -h for copyright info
==21319== Command: /rhome/a/akovacevic4/workspace/TP/T3/Z1/.runme
==21319== Parent PID: 21295
==21319== 
==21319== Conditional jump or move depends on uninitialised value(s)
==21319==    at 0x109021: main (main.cpp:60)
==21319== 
==21319== 
==21319== Process terminating with default action of signal 1 (SIGHUP)
==21319==    at 0x56EF152: write (write.c:27)
==21319==    by 0x566A1BC: _IO_file_write@@GLIBC_2.2.5 (fileops.c:1203)
==21319==    by 0x566AB2E: new_do_write (fileops.c:457)
==21319==    by 0x566AB2E: _IO_file_xsputn@@GLIBC_2.2.5 (fileops.c:1277)
==21319==    by 0x565E976: fwrite (iofwrite.c:39)
==21319==    by 0x5151E93: std::basic_ostream<char, std::char_traits<char> >& std::__ostream_insert<char, std::char_traits<char> >(std::basic_ostream<char, std::char_traits<char> >&, char const*, long) (in /usr/lib/x86_64-linux-gnu/libstdc++.so.6.0.25)
==21319==    by 0x5152206: std::basic_ostream<char, std::char_traits<char> >& std::operator<< <std::char_traits<char> >(std::basic_ostream<char, std::char_traits<char> >&, char const*) (in /usr/lib/x86_64-linux-gnu/libstdc++.so.6.0.25)
==21319==    by 0x109035: main (main.cpp:62)
==21319== 
==21319== HEAP SUMMARY:
==21319==     in use at exit: 0 bytes in 0 blocks
==21319==   total heap usage: 2 allocs, 2 frees, 73,728 bytes allocated
==21319== 
==21319== All heap blocks were freed -- no leaks are possible
==21319== 
==21319== For counts of detected and suppressed errors, rerun with: -v
==21319== Use --track-origins=yes to see where uninitialised values come from
==21319== ERROR SUMMARY: 1 errors from 1 contexts (suppressed: 0 from 0)
