==16114== Memcheck, a memory error detector
==16114== Copyright (C) 2002-2017, and GNU GPL'd, by Julian Seward et al.
==16114== Using Valgrind-3.13.0 and LibVEX; rerun with -h for copyright info
==16114== Command: /rhome/a/akovacevic4/workspace/TP/T2/Z5/.runme
==16114== Parent PID: 16095
==16114== 
==16114== 
==16114== Process terminating with default action of signal 1 (SIGHUP)
==16114==    at 0x5A8D081: read (read.c:27)
==16114==    by 0x5A0A147: _IO_file_underflow@@GLIBC_2.2.5 (fileops.c:531)
==16114==    by 0x5A0B3F1: _IO_default_uflow (genops.c:380)
==16114==    by 0x512B95C: __gnu_cxx::stdio_sync_filebuf<char, std::char_traits<char> >::underflow() (in /usr/lib/x86_64-linux-gnu/libstdc++.so.6.0.25)
==16114==    by 0x5139739: std::istream::sentry::sentry(std::istream&, bool) (in /usr/lib/x86_64-linux-gnu/libstdc++.so.6.0.25)
==16114==    by 0x513996D: std::istream::operator>>(int&) (in /usr/lib/x86_64-linux-gnu/libstdc++.so.6.0.25)
==16114==    by 0x108D89: main (main.cpp:13)
==16114== 
==16114== HEAP SUMMARY:
==16114==     in use at exit: 0 bytes in 0 blocks
==16114==   total heap usage: 2 allocs, 2 frees, 73,728 bytes allocated
==16114== 
==16114== All heap blocks were freed -- no leaks are possible
==16114== 
==16114== For counts of detected and suppressed errors, rerun with: -v
==16114== ERROR SUMMARY: 0 errors from 0 contexts (suppressed: 0 from 0)
