==24095== Memcheck, a memory error detector
==24095== Copyright (C) 2002-2017, and GNU GPL'd, by Julian Seward et al.
==24095== Using Valgrind-3.13.0 and LibVEX; rerun with -h for copyright info
==24095== Command: /rhome/a/akovacevic4/workspace/TP/T8/Z5/.runme
==24095== Parent PID: 24061
==24095== 
==24095== 
==24095== Process terminating with default action of signal 1 (SIGHUP)
==24095==    at 0x54D7081: read (read.c:27)
==24095==    by 0x5454147: _IO_file_underflow@@GLIBC_2.2.5 (fileops.c:531)
==24095==    by 0x54553F1: _IO_default_uflow (genops.c:380)
==24095==    by 0x512B95C: __gnu_cxx::stdio_sync_filebuf<char, std::char_traits<char> >::underflow() (in /usr/lib/x86_64-linux-gnu/libstdc++.so.6.0.25)
==24095==    by 0x5139739: std::istream::sentry::sentry(std::istream&, bool) (in /usr/lib/x86_64-linux-gnu/libstdc++.so.6.0.25)
==24095==    by 0x513BCCD: std::istream& std::istream::_M_extract<double>(double&) (in /usr/lib/x86_64-linux-gnu/libstdc++.so.6.0.25)
==24095==    by 0x108A9A: UnesiVektor(std::tuple<double, double, double>&) (main.cpp:10)
==24095==    by 0x108F2B: main (main.cpp:55)
==24095== 
==24095== HEAP SUMMARY:
==24095==     in use at exit: 0 bytes in 0 blocks
==24095==   total heap usage: 2 allocs, 2 frees, 73,728 bytes allocated
==24095== 
==24095== All heap blocks were freed -- no leaks are possible
==24095== 
==24095== For counts of detected and suppressed errors, rerun with: -v
==24095== ERROR SUMMARY: 0 errors from 0 contexts (suppressed: 0 from 0)
